19:02:2024 02:47 | AnonymousUser | URL=/
19:02:2024 02:47 | AnonymousUser | URL=/static/css/main.css
19:02:2024 02:47 | AnonymousUser | URL=/static/css/main.css
19:02:2024 02:47 | AnonymousUser | URL=/favicon.ico
19:02:2024 02:48 | AnonymousUser | URL=/
19:02:2024 02:48 | AnonymousUser | URL=/static/css/main.css
19:02:2024 02:48 | AnonymousUser | URL=/static/css/main.css
19:02:2024 02:48 | AnonymousUser | URL=/post/57058846-375c-4076-9a8c-66794f1fa076
19:02:2024 02:48 | AnonymousUser | URL=/api/auth/token/login
19:02:2024 02:48 | AnonymousUser | URL=/static/rest_framework/css/bootstrap.min.css
19:02:2024 02:48 | AnonymousUser | URL=/static/rest_framework/css/bootstrap-tweaks.css
19:02:2024 02:48 | AnonymousUser | URL=/static/rest_framework/css/prettify.css
19:02:2024 02:48 | AnonymousUser | URL=/static/rest_framework/css/default.css
19:02:2024 02:48 | AnonymousUser | URL=/static/rest_framework/js/bootstrap.min.js
19:02:2024 02:48 | AnonymousUser | URL=/static/rest_framework/js/csrf.js
19:02:2024 02:48 | AnonymousUser | URL=/static/rest_framework/js/jquery-3.5.1.min.js
19:02:2024 02:48 | AnonymousUser | URL=/static/rest_framework/js/ajax-form.js
19:02:2024 02:48 | AnonymousUser | URL=/static/rest_framework/js/prettify-min.js
19:02:2024 02:48 | AnonymousUser | URL=/static/rest_framework/js/default.js
19:02:2024 02:48 | AnonymousUser | URL=/api/auth/token/login
19:02:2024 02:48 | AnonymousUser | URL=/static/rest_framework/css/prettify.css
css
19:02:2024 02:48 | AnonymousUser | URL=/static/rest_framework/css/default.css
19:02:2024 02:48 | AnonymousUser | URL=/static/rest_framework/css/bootstrap-tweaks.css
19:02:2024 02:48 | AnonymousUser | URL=/static/rest_framework/js/ajax-form.js
19:02:2024 02:48 | AnonymousUser | URL=/static/rest_framework/js/jquery-3.5.1.min.js
19:02:2024 02:48 | AnonymousUser | URL=/static/rest_framework/js/csrf.js
19:02:2024 02:48 | AnonymousUser | URL=/static/rest_framework/js/bootstrap.min.js
19:02:2024 02:48 | AnonymousUser | URL=/static/rest_framework/js/prettify-min.js
19:02:2024 02:48 | AnonymousUser | URL=/static/rest_framework/js/default.js
19:02:2024 02:48 | AnonymousUser | URL=/register/
19:02:2024 02:48 | AnonymousUser | URL=/about
19:02:2024 02:48 | AnonymousUser | URL=/static/css/about_us.css
19:02:2024 02:48 | AnonymousUser | URL=/create
19:02:2024 02:48 | AnonymousUser | URL=/account/login?next=/create
19:02:2024 02:48 | AnonymousUser | URL=/create
19:02:2024 02:48 | AnonymousUser | URL=/account/login?next=/create
19:02:2024 02:49 | AnonymousUser | URL=/api/auth/token/login
19:02:2024 02:49 | AnonymousUser | URL=/static/rest_framework/css/bootstrap.min.css
19:02:2024 02:49 | AnonymousUser | URL=/static/rest_framework/css/default.css
aks.css
19:02:2024 02:49 | AnonymousUser | URL=/static/rest_framework/js/ajax-form.js
19:02:2024 02:49 | AnonymousUser | URL=/static/rest_framework/js/csrf.js
.min.js
19:02:2024 02:49 | AnonymousUser | URL=/static/rest_framework/js/prettify-min.js
19:02:2024 02:49 | AnonymousUser | URL=/static/rest_framework/js/default.js
19:02:2024 02:49 | AnonymousUser | URL=/register/
19:02:2024 02:49 | AnonymousUser | URL=/api/auth/token/login
19:02:2024 02:49 | AnonymousUser | URL=/static/rest_framework/css/default.css
19:02:2024 02:49 | AnonymousUser | URL=/static/rest_framework/css/bootstrap-tweaks.css
19:02:2024 02:49 | AnonymousUser | URL=/static/rest_framework/css/prettify.css
19:02:2024 02:49 | AnonymousUser | URL=/static/rest_framework/js/jquery-3.5.1.min.js
19:02:2024 02:49 | AnonymousUser | URL=/static/rest_framework/js/ajax-form.js
19:02:2024 02:49 | AnonymousUser | URL=/static/rest_framework/css/bootstrap.min.css
19:02:2024 02:49 | AnonymousUser | URL=/static/rest_framework/js/bootstrap.min.js
19:02:2024 02:49 | AnonymousUser | URL=/static/rest_framework/js/prettify-min.js
19:02:2024 02:49 | AnonymousUser | URL=/static/rest_framework/js/default.js
19:02:2024 02:49 | AnonymousUser | URL=/api/auth/token/login
19:02:2024 02:49 | AnonymousUser | URL=/static/rest_framework/css/prettify.css
css
19:02:2024 02:49 | AnonymousUser | URL=/static/rest_framework/css/default.css
aks.css
19:02:2024 02:49 | AnonymousUser | URL=/static/rest_framework/js/jquery-3.5.1.min.js
19:02:2024 02:49 | AnonymousUser | URL=/static/rest_framework/js/csrf.js
19:02:2024 02:49 | AnonymousUser | URL=/static/rest_framework/js/bootstrap.min.js
19:02:2024 02:49 | AnonymousUser | URL=/static/rest_framework/js/default.js
19:02:2024 02:49 | AnonymousUser | URL=/static/rest_framework/js/prettify-min.js
19:02:2024 02:49 | AnonymousUser | URL=/api/auth/token/login
19:02:2024 02:49 | AnonymousUser | URL=/static/rest_framework/css/bootstrap.min.css
19:02:2024 02:49 | AnonymousUser | URL=/static/rest_framework/css/default.css
19:02:2024 02:49 | AnonymousUser | URL=/static/rest_framework/css/bootstrap-tweaks.css
19:02:2024 02:49 | AnonymousUser | URL=/static/rest_framework/css/prettify.css
19:02:2024 02:49 | AnonymousUser | URL=/static/rest_framework/js/ajax-form.js
19:02:2024 02:49 | AnonymousUser | URL=/static/rest_framework/js/jquery-3.5.1.min.js
19:02:2024 02:49 | AnonymousUser | URL=/static/rest_framework/js/csrf.js
19:02:2024 02:49 | AnonymousUser | URL=/static/rest_framework/js/default.js
19:02:2024 02:49 | AnonymousUser | URL=/static/rest_framework/js/prettify-min.js
19:02:2024 02:49 | AnonymousUser | URL=/static/rest_framework/js/bootstrap.min.js
19:02:2024 02:50 | AnonymousUser | URL=/api/auth/token/login
19:02:2024 02:50 | AnonymousUser | URL=/static/rest_framework/css/prettify.css
19:02:2024 02:50 | AnonymousUser | URL=/static/rest_framework/css/bootstrap-tweaks.css
19:02:2024 02:50 | AnonymousUser | URL=/static/rest_framework/css/default.css
19:02:2024 02:50 | AnonymousUser | URL=/static/rest_framework/css/bootstrap.min.css
19:02:2024 02:50 | AnonymousUser | URL=/static/rest_framework/js/jquery-3.5.1.min.js
19:02:2024 02:50 | AnonymousUser | URL=/static/rest_framework/js/ajax-form.js
19:02:2024 02:50 | AnonymousUser | URL=/static/rest_framework/js/bootstrap.min.js
19:02:2024 02:50 | AnonymousUser | URL=/static/rest_framework/js/default.js
19:02:2024 02:50 | AnonymousUser | URL=/static/rest_framework/js/csrf.js
min.js
19:02:2024 02:50 | AnonymousUser | URL=/api/auth/token/login
19:02:2024 02:50 | AnonymousUser | URL=/static/rest_framework/css/bootstrap-tweaks.cs19:19:02:2024 02:50 | AnonymousUser | URL=/static/rest_framework/js/jquery-3.5.1.min.js
19:02:2024 02:50 | AnonymousUser | URL=/static/rest_framework/js/ajax-form.js
19:02:2024 02:50 | AnonymousUser | URL=/static/rest_framework/js/csrf.js
19:02:2024 02:50 | AnonymousUser | URL=/static/rest_framework/js/prettify-min.js
19:02:2024 02:50 | AnonymousUser | URL=/static/rest_framework/js/default.js
n.js
19:02:2024 02:50 | AnonymousUser | URL=/api/auth/token/login
19:02:2024 02:50 | AnonymousUser | URL=/static/rest_framework/css/bootstrap-tweaks.css
19:02:2024 02:50 | AnonymousUser | URL=/static/rest_framework/css/prettify.css
19:02:2024 02:50 | AnonymousUser | URL=/static/rest_framework/js/jquery-3.5.1.min.js
19:02:2024 02:50 | AnonymousUser | URL=/static/rest_framework/css/bootstrap.min.css
19:02:2024 02:50 | AnonymousUser | URL=/static/rest_framework/css/default.css
19:02:2024 02:50 | AnonymousUser | URL=/static/rest_framework/js/default.js
n.js
19:02:2024 02:50 | AnonymousUser | URL=/static/rest_framework/js/csrf.js
19:02:2024 02:50 | AnonymousUser | URL=/static/rest_framework/js/prettify-min.js
19:02:2024 02:52 | AnonymousUser | URL=/api/auth/token/login
19:02:2024 02:52 | AnonymousUser | URL=/static/rest_framework/css/prettify.css
19:02:2024 02:52 | AnonymousUser | URL=/static/rest_framework/css/bootstrap.min.css
19:02:2024 02:52 | AnonymousUser | URL=/static/rest_framework/js/ajax-form.js
19:02:2024 02:52 | AnonymousUser | URL=/static/rest_framework/css/bootstrap-tweaks.css
19:02:2024 02:52 | AnonymousUser | URL=/static/rest_framework/js/jquery-3.5.1.min.js
19:02:2024 02:52 | AnonymousUser | URL=/static/rest_framework/js/csrf.js
19:02:2024 02:52 | AnonymousUser | URL=/static/rest_framework/js/bootstrap.min.js
19:02:2024 02:52 | AnonymousUser | URL=/static/rest_framework/js/prettify-min.js
19:02:2024 02:52 | AnonymousUser | URL=/static/rest_framework/js/default.js
19:02:2024 02:52 | AnonymousUser | URL=/api/auth/
19:02:2024 02:52 | AnonymousUser | URL=/api/auth/
19:02:2024 02:52 | AnonymousUser | URL=/static/rest_framework/css/default.css

19:02:2024 02:52 | AnonymousUser | URL=/static/rest_framework/css/bootstrap.min.css
19:02:2024 02:52 | AnonymousUser | URL=/static/rest_framework/js/ajax-form.js
19:02:2024 02:52 | AnonymousUser | URL=/static/rest_framework/js/jquery-3.5.1.min.js

19:02:2024 02:52 | AnonymousUser | URL=/static/rest_framework/js/csrf.js
19:02:2024 02:52 | AnonymousUser | URL=/static/rest_framework/js/bootstrap.min.js
19:02:2024 02:52 | AnonymousUser | URL=/static/rest_framework/js/default.js
.js
19:02:2024 02:53 | AnonymousUser | URL=/api/auth/token/login
19:02:2024 02:53 | AnonymousUser | URL=/register/
19:02:2024 02:53 | AnonymousUser | URL=/register/
19:02:2024 02:53 | AnonymousUser | URL=/api/auth/token/login
19:02:2024 02:53 | AnonymousUser | URL=/static/rest_framework/css/prettify.css
19:02:2024 02:53 | AnonymousUser | URL=/static/rest_framework/css/bootstrap-tweaks.css
19:02:2024 02:53 | AnonymousUser | URL=/static/rest_framework/css/default.css
.css
19:02:2024 02:53 | AnonymousUser | URL=/static/rest_framework/js/jquery-3.5.1.min.js
19:02:2024 02:53 | AnonymousUser | URL=/static/rest_framework/js/ajax-form.js
19:02:2024 02:53 | AnonymousUser | URL=/static/rest_framework/js/csrf.js
19:02:2024 02:53 | AnonymousUser | URL=/static/rest_framework/js/prettify-min.js
19:02:2024 02:53 | AnonymousUser | URL=/static/rest_framework/js/default.js
n.js
19:02:2024 02:59 | AnonymousUser | URL=/api/auth/token/login
19:02:2024 02:59 | AnonymousUser | URL=/static/rest_framework/css/bootstrap.min.css
19:02:2024 02:59 | AnonymousUser | URL=/static/rest_framework/css/bootstrap-tweaks.css
19:02:2024 02:59 | AnonymousUser | URL=/static/rest_framework/css/prettify.css
19:02:2024 02:59 | AnonymousUser | URL=/static/rest_framework/css/default.css
19:02:2024 02:59 | AnonymousUser | URL=/static/rest_framework/js/jquery-3.5.1.min.js
19:02:2024 02:59 | AnonymousUser | URL=/static/rest_framework/js/bootstrap.min.js
19:02:2024 02:59 | AnonymousUser | URL=/static/rest_framework/js/csrf.js
19:02:2024 02:59 | AnonymousUser | URL=/static/rest_framework/js/prettify-min.js
19:02:2024 02:59 | AnonymousUser | URL=/static/rest_framework/js/ajax-form.js
19:02:2024 02:59 | AnonymousUser | URL=/static/rest_framework/js/default.js
19:02:2024 03:07 | AnonymousUser | URL=/api/auth/token/login
19:02:2024 03:07 | AnonymousUser | URL=/static/rest_framework/css/bootstrap.min.css
19:02:2024 03:07 | AnonymousUser | URL=/static/rest_framework/css/bootstrap-tweaks.css
19:02:2024 03:07 | AnonymousUser | URL=/static/rest_framework/css/prettify.css
19:02:2024 03:07 | AnonymousUser | URL=/static/rest_framework/css/default.css
19:02:2024 03:07 | AnonymousUser | URL=/static/rest_framework/js/bootstrap.min.js
19:02:2024 03:07 | AnonymousUser | URL=/static/rest_framework/js/jquery-3.5.1.min.js
19:02:2024 03:07 | AnonymousUser | URL=/static/rest_framework/js/csrf.js
19:02:2024 03:07 | AnonymousUser | URL=/static/rest_framework/js/prettify-min.js
19:02:2024 03:07 | AnonymousUser | URL=/static/rest_framework/js/ajax-form.js
19:02:2024 03:07 | AnonymousUser | URL=/static/rest_framework/js/default.js
19:02:2024 03:07 | AnonymousUser | URL=/api/auth/token/login
19:02:2024 03:07 | AnonymousUser | URL=/static/rest_framework/css/bootstrap-tweaks.css
19:02:2024 03:07 | AnonymousUser | URL=/static/rest_framework/css/prettify.css
19:02:2024 03:07 | AnonymousUser | URL=/static/rest_framework/css/bootstrap.min.css
19:02:2024 03:07 | AnonymousUser | URL=/static/rest_framework/js/ajax-form.js
19:02:2024 03:07 | AnonymousUser | URL=/static/rest_framework/css/default.css
19:02:2024 03:07 | AnonymousUser | URL=/static/rest_framework/js/jquery-3.5.1.min.js
19:02:2024 03:07 | AnonymousUser | URL=/static/rest_framework/js/bootstrap19:02:2024 03:07 | AnonymousUser | URL=/static/rest_framework/js/prettify-min.js
19:02:2024 03:07 | AnonymousUser | URL=/static/rest_framework/js/default.js
19:02:2024 03:08 | AnonymousUser | URL=/admin
19:02:2024 03:08 | AnonymousUser | URL=/admin/
19:02:2024 03:08 | AnonymousUser | URL=/admin/login/?next=/admin/
19:02:2024 03:08 | AnonymousUser | URL=/static/admin/css/dark_mode.19:02:2024 03:08 | AnonymousUser | URL=/static/admin/css/nav_sidebar.css
19:02:2024 03:08 | AnonymousUser | URL=/static/admin/css/login.css
19:02:2024 03:08 | AnonymousUser | URL=/static/admin/css/responsive.css
19:02:2024 03:08 | AnonymousUser | URL=/static/admin/js/theme.js
19:02:2024 03:08 | AnonymousUser | URL=/static/admin/js/nav_sidebar.js
19:02:2024 03:10 | Artur | URL=/admin/login/?next=/admin/
19:02:2024 03:10 | Artur | URL=/admin/
19:02:2024 03:10 | Artur | URL=/static/admin/css/base.css
19:02:2024 03:10 | Artur | URL=/static/admin/css/dashboard.css
19:02:2024 03:10 | Artur | URL=/static/admin/css/dark_mode.css
19:02:2024 03:10 | Artur | URL=/static/admin/css/nav_sidebar.css
19:02:2024 03:10 | Artur | URL=/static/admin/css/responsive.css
19:02:2024 03:10 | Artur | URL=/static/admin/js/nav_sidebar.js
19:02:2024 03:10 | Artur | URL=/static/admin/js/theme.js
19:02:2024 03:10 | Artur | URL=/admin/authtoken/
19:02:2024 03:10 | Artur | URL=/static/admin/css/base.css
19:02:2024 03:10 | Artur | URL=/static/admin/css/nav_sidebar.css
19:02:2024 03:10 | Artur | URL=/static/admin/css/responsive.css
19:02:2024 03:10 | Artur | URL=/static/admin/css/dashboard.css
19:02:2024 03:10 | Artur | URL=/static/admin/js/theme.js
19:02:2024 03:10 | Artur | URL=/static/admin/js/nav_sidebar.js
19:02:2024 03:10 | Artur | URL=/static/admin/css/dark_mode.css
19:02:2024 03:11 | Artur | URL=/admin/authtoken/tokenproxy/
19:02:2024 03:11 | Artur | URL=/static/admin/css/base.css
19:02:2024 03:11 | Artur | URL=/static/admin/css/dark_mode.css
19:02:2024 03:11 | Artur | URL=/static/admin/css/changelists.css
19:02:2024 03:11 | Artur | URL=/static/admin/js/jquery.init.js
19:02:2024 03:11 | Artur | URL=/static/admin/js/vendor/jquery/jquery.min.js
19:02:2024 03:11 | Artur | URL=/static/admin/css/nav_sidebar.css
19:02:2024 03:11 | Artur | URL=/static/admin/js/core.js
19:02:2024 03:11 | Artur | URL=/static/admin/js/admin/RelatedObjectLookups.js
19:02:2024 03:11 | Artur | URL=/static/admin/js/actions.js
19:02:2024 03:11 | Artur | URL=/static/admin/js/urlify.js
19:02:2024 03:11 | Artur | URL=/static/admin/js/prepopulate.js
19:02:2024 03:11 | Artur | URL=/static/admin/js/vendor/xregexp/xregexp.min.js
19:02:2024 03:11 | Artur | URL=/static/admin/js/filters.js
19:02:2024 03:11 | Artur | URL=/static/admin/css/responsive.css
19:02:2024 03:11 | Artur | URL=/static/admin/js/theme.js
19:02:2024 03:11 | Artur | URL=/static/admin/js/nav_sidebar.js
19:02:2024 03:11 | Artur | URL=/admin/authtoken/tokenproxy/1/change/
19:02:2024 03:11 | Artur | URL=/static/admin/css/base.css
19:02:2024 03:11 | Artur | URL=/static/admin/css/dark_mode.css
19:02:2024 03:11 | Artur | URL=/static/admin/css/forms.css
19:02:2024 03:11 | Artur | URL=/static/admin/css/nav_sidebar.css
19:02:2024 03:11 | Artur | URL=/static/admin/js/vendor/jquery/jquery.min.js
19:02:2024 03:11 | Artur | URL=/admin/jsi18n/
19:02:2024 03:11 | Artur | URL=/static/admin/css/responsive.css
19:02:2024 03:11 | Artur | URL=/static/admin/js/jquery.init.js
19:02:2024 03:11 | Artur | URL=/static/admin/js/admin/RelatedObjectLookups.js
19:02:2024 03:11 | Artur | URL=/static/admin/js/core.js
19:02:2024 03:11 | Artur | URL=/static/admin/js/actions.js
19:02:2024 03:11 | Artur | URL=/static/admin/js/urlify.js
19:02:2024 03:11 | Artur | URL=/static/admin/js/prepopulate.js
19:02:2024 03:11 | Artur | URL=/static/admin/js/prepopulate_init.js
19:02:2024 03:11 | Artur | URL=/static/admin/js/theme.js
19:02:2024 03:11 | Artur | URL=/static/admin/js/vendor/xregexp/xregexp.min.js
19:02:2024 03:11 | Artur | URL=/static/admin/js/nav_sidebar.js
19:02:2024 03:11 | Artur | URL=/static/admin/img/icon-changelink.svg
19:02:2024 03:11 | Artur | URL=/static/admin/css/responsive.css
19:02:2024 03:11 | Artur | URL=/static/admin/js/change_form.js
19:02:2024 03:11 | Artur | URL=/static/admin/img/icon-addlink.svg
19:02:2024 03:11 | Artur | URL=/static/admin/img/icon-viewlink.svg
19:02:2024 03:11 | Artur | URL=/admin/authtoken/tokenproxy/
19:02:2024 03:11 | Artur | URL=/admin/posts/note/
19:02:2024 03:11 | Artur | URL=/static/admin/css/base.css
19:02:2024 03:11 | Artur | URL=/static/admin/css/dark_mode.css
19:02:2024 03:11 | Artur | URL=/static/admin/css/nav_sidebar.css
19:02:2024 03:11 | Artur | URL=/static/admin/css/changelists.css
19:02:2024 03:11 | Artur | URL=/admin/jsi18n/
19:02:2024 03:11 | Artur | URL=/static/admin/js/vendor/jquery/jquery.min.js
19:02:2024 03:11 | Artur | URL=/static/admin/css/responsive.css
19:02:2024 03:11 | Artur | URL=/static/admin/js/jquery.init.js
19:02:2024 03:11 | Artur | URL=/static/admin/js/core.js
19:02:2024 03:11 | Artur | URL=/static/admin/js/urlify.js
19:02:2024 03:11 | Artur | URL=/static/admin/js/admin/RelatedObjectLookups.js
19:02:2024 03:11 | Artur | URL=/static/admin/js/actions.js
19:02:2024 03:11 | Artur | URL=/static/admin/img/search.svg
19:02:2024 03:11 | Artur | URL=/static/admin/js/vendor/xregexp/xregexp.min.js
19:02:2024 03:11 | Artur | URL=/static/admin/js/theme.js
19:02:2024 03:11 | Artur | URL=/static/admin/js/prepopulate.js
19:02:2024 03:11 | Artur | URL=/static/admin/js/nav_sidebar.js
19:02:2024 03:11 | Artur | URL=/static/admin/js/filters.js
19:02:2024 03:11 | Artur | URL=/static/admin/css/responsive.css
19:02:2024 03:11 | Artur | URL=/admin/posts/note/add/
19:02:2024 03:11 | Artur | URL=/static/admin/css/base.css
19:02:2024 03:11 | Artur | URL=/static/admin/css/dark_mode.css
19:02:2024 03:11 | Artur | URL=/static/admin/css/nav_sidebar.css
19:02:2024 03:11 | Artur | URL=/static/ckeditor/ckeditor.css
19:02:2024 03:11 | Artur | URL=/static/admin/css/forms.css
19:02:2024 03:11 | Artur | URL=/static/ckeditor/ckeditor-init.js
19:02:2024 03:11 | Artur | URL=/static/admin/css/responsive.css
19:02:2024 03:11 | Artur | URL=/admin/jsi18n/
19:02:2024 03:11 | Artur | URL=/static/ckeditor/ckeditor/ckeditor.js
19:02:2024 03:11 | Artur | URL=/static/admin/js/vendor/jquery/jquery.min.js
19:02:2024 03:11 | Artur | URL=/static/admin/js/SelectBox.js
19:02:2024 03:11 | Artur | URL=/static/admin/js/jquery.init.js
19:02:2024 03:11 | Artur | URL=/static/admin/js/core.js
19:02:2024 03:11 | Artur | URL=/static/admin/js/admin/RelatedObjectLookups.js
19:02:2024 03:11 | Artur | URL=/static/ckeditor/ckeditor.css
19:02:2024 03:11 | Artur | URL=/static/admin/js/actions.js
19:02:2024 03:11 | Artur | URL=/static/admin/js/SelectFilter2.js
19:02:2024 03:11 | Artur | URL=/static/admin/js/urlify.js
19:02:2024 03:11 | Artur | URL=/static/admin/js/prepopulate.js
19:02:2024 03:11 | Artur | URL=/static/admin/js/vendor/xregexp/xregexp.min.js
19:02:2024 03:11 | Artur | URL=/static/admin/js/prepopulate_init.js
19:02:2024 03:11 | Artur | URL=/static/admin/js/nav_sidebar.js
19:02:2024 03:11 | Artur | URL=/static/admin/img/icon-chan19:02:2024 03:11 | Artur | URL=/static/admin/css/responsive.css
19:02:2024 03:11 | Artur | URL=/static/admin/img/icon-addlink.svg
19:02:2024 03:11 | Artur | URL=/static/admin/img/icon-viewlink.svg
19:02:2024 03:11 | Artur | URL=/static/admin/js/change_form.js
19:02:2024 03:11 | Artur | URL=/admin/posts/tag/add/?_to_field=id&_popup=1
19:02:2024 03:11 | Artur | URL=/static/admin/css/base.css
19:02:2024 03:11 | Artur | URL=/static/admin/css/dark_mode.css
19:02:2024 03:11 | Artur | URL=/static/admin/css/forms.css
19:02:2024 03:11 | Artur | URL=/static/admin/js/vendor/jquery/jquery.min.js
19:02:2024 03:11 | Artur | URL=/admin/jsi18n/
19:02:2024 03:11 | Artur | URL=/static/admin/js/jquery.init.js
19:02:2024 03:11 | Artur | URL=/static/admin/css/responsive.css
19:02:2024 03:11 | Artur | URL=/static/admin/js/core.js
19:02:2024 03:11 | Artur | URL=/static/admin/js/actions.js
19:02:2024 03:11 | Artur | URL=/static/admin/js/admin/RelatedObjectLookups.js
19:02:2024 03:11 | Artur | URL=/static/admin/js/prepopulate.js
19:02:2024 03:11 | Artur | URL=/static/admin/js/urlify.js
19:02:2024 03:11 | Artur | URL=/static/admin/js/vendor/xregexp/xregexp.min.js
19:02:2024 03:11 | Artur | URL=/static/admin/js/prepopulate_init.js
19:02:2024 03:11 | Artur | URL=/static/admin/js/change_form.js
19:02:2024 03:11 | Artur | URL=/static/admin/css/responsive.css
19:02:2024 03:11 | Artur | URL=/static/admin/js/theme.js
19:02:2024 03:11 | Artur | URL=/admin/posts/note/add/
19:02:2024 03:11 | Artur | URL=/admin/posts/note/
19:02:2024 03:11 | Artur | URL=/admin/authtoken/tokenproxy/
19:02:2024 03:11 | AnonymousUser | URL=/admin/logout/
19:02:2024 03:11 | AnonymousUser | URL=/
19:02:2024 03:11 | AnonymousUser | URL=/static/css/main.css
19:02:2024 03:11 | AnonymousUser | URL=/static/css/main.css
19:02:2024 03:11 | AnonymousUser | URL=/api/auth/token/login
19:02:2024 03:11 | AnonymousUser | URL=/static/rest_framework/css/bootstrap.min.css
19:02:2024 03:11 | AnonymousUser | URL=/static/rest_framework/css/prettify.css
19:02:2024 03:11 | AnonymousUser | URL=/static/rest_framework/css/default.css
19:02:2024 03:11 | AnonymousUser | URL=/static/rest_framework/js/ajax-form.js
19:02:2024 03:11 | AnonymousUser | URL=/static/rest_framework/js/jquery-3.5.1.min.js
19:02:2024 03:11 | AnonymousUser | URL=/static/rest_framework/css/bootstrap-tweaks.css
19:02:2024 03:11 | AnonymousUser | URL=/static/rest_framework/js/csrf.js
19:02:2024 03:11 | AnonymousUser | URL=/static/rest_framework/js/default.js
19:02:2024 03:11 | AnonymousUser | URL=/static/rest_framework/js/prettify-min.js
19:02:2024 03:11 | AnonymousUser | URL=/static/rest_framework/js/bootstrap.min.js
19:02:2024 03:12 | AnonymousUser | URL=/api/auth/token/login
19:02:2024 03:12 | AnonymousUser | URL=/static/rest_framework/css/default.css
19:02:2024 03:12 | AnonymousUser | URL=/static/rest_framework/js/jquery-3.5.1.min.js

19:02:2024 03:12 | AnonymousUser | URL=/static/rest_framework/js/csrf.js
min.js
19:02:2024 03:12 | AnonymousUser | URL=/static/rest_framework/js/bootstrap.min.js
19:02:2024 03:12 | AnonymousUser | URL=/static/rest_framework/js/default.js
19:02:2024 03:13 | AnonymousUser | URL=/api/auth/token/login
19:02:2024 03:13 | AnonymousUser | URL=/static/rest_framework/css/default.css
.css
19:02:2024 03:13 | AnonymousUser | URL=/static/rest_framework/js/jquery-3.5.1.min.js
19:02:2024 03:13 | AnonymousUser | URL=/static/rest_framework/css/bootstrap-tweaks.css
19:02:2024 03:13 | AnonymousUser | URL=/static/rest_framework/js/ajax-form.js
19:02:2024 03:13 | AnonymousUser | URL=/static/rest_framework/css/prettify.css
19:02:2024 03:13 | AnonymousUser | URL=/static/rest_framework/js/csrf.js
19:02:2024 03:13 | AnonymousUser | URL=/static/rest_framework/js/bootstrap.min.js
19:02:2024 03:13 | AnonymousUser | URL=/static/rest_framework/js/prettify-min.js
19:02:2024 03:13 | AnonymousUser | URL=/static/rest_framework/js/default.js
19:02:2024 04:14 | AnonymousUser | URL=/
19:02:2024 04:14 | AnonymousUser | URL=/static/css/main.css
19:02:2024 04:14 | AnonymousUser | URL=/static/css/main.css
19:02:2024 04:14 | AnonymousUser | URL=/api/auth/token/login
19:02:2024 04:14 | AnonymousUser | URL=/static/rest_framework/css/bootstrap-tweaks.css
19:02:2024 04:14 | AnonymousUser | URL=/static/rest_framework/css/prettify.css
19:02:2024 04:14 | AnonymousUser | URL=/static/rest_framework/css/bootstrap.min.css
19:02:2024 04:14 | AnonymousUser | URL=/static/rest_framework/css/default.css
19:02:2024 04:14 | AnonymousUser | URL=/static/rest_framework/js/csrf.js
19:02:2024 04:14 | AnonymousUser | URL=/static/rest_framework/js/bootstrap.min.js
19:02:2024 04:14 | AnonymousUser | URL=/static/rest_framework/js/prettify-min.js
19:02:2024 04:14 | AnonymousUser | URL=/static/rest_framework/js/jquery-3.5.1.min.js
19:02:2024 04:14 | AnonymousUser | URL=/static/rest_framework/js/default.js
19:02:2024 04:14 | AnonymousUser | URL=/static/rest_framework/js/ajax-form.js
19:02:2024 04:14 | AnonymousUser | URL=/
19:02:2024 04:14 | AnonymousUser | URL=/register/
19:02:2024 04:14 | AnonymousUser | URL=/api/auth/token/login
19:02:2024 04:14 | AnonymousUser | URL=/static/rest_framework/css/bootstrap.min.css
19:02:2024 04:14 | AnonymousUser | URL=/static/rest_framework/js/ajax-form.js
19:02:2024 04:14 | AnonymousUser | URL=/static/rest_framework/css/bootstrap-tweaks.css
19:02:2024 04:14 | AnonymousUser | URL=/static/rest_framework/css/prettify.css
19:02:2024 04:14 | AnonymousUser | URL=/static/rest_framework/js/jquery-3.5.1.min.js
19:02:2024 04:14 | AnonymousUser | URL=/static/rest_framework/css/default.css
19:02:2024 04:14 | AnonymousUser | URL=/static/rest_framework/js/csrf.js
19:02:2024 04:14 | AnonymousUser | URL=/static/rest_framework/js/prettify-min.js

19:02:2024 04:14 | AnonymousUser | URL=/static/rest_framework/js/default.js
19:02:2024 04:14 | AnonymousUser | URL=/api/auth/token/login
19:02:2024 04:14 | AnonymousUser | URL=/static/rest_framework/css/bootstrap.min.css
19:02:2024 04:14 | AnonymousUser | URL=/static/rest_framework/js/ajax-form.js
19:02:2024 04:14 | AnonymousUser | URL=/static/rest_framework/css/prettify.css
19:02:2024 04:14 | AnonymousUser | URL=/static/rest_framework/css/default.css
19:02:2024 04:14 | AnonymousUser | URL=/static/rest_framework/css/bootstrap-tweaks.css
19:02:2024 04:14 | AnonymousUser | URL=/static/rest_framework/js/jquery-3.5.1.min.js
19:02:2024 04:14 | AnonymousUser | URL=/static/rest_framework/js/csrf.js
19:02:2024 04:14 | AnonymousUser | URL=/static/rest_framework/js/bootstrap.min.js
19:02:2024 04:14 | AnonymousUser | URL=/static/rest_framework/js/default.js
.js
19:02:2024 04:14 | AnonymousUser | URL=/create
19:02:2024 04:14 | AnonymousUser | URL=/account/login?next=/create
19:02:2024 04:14 | AnonymousUser | URL=/user/kapustindobromisl/posts
19:02:2024 04:15 | AnonymousUser | URL=/create
19:02:2024 04:15 | AnonymousUser | URL=/account/login?next=/create
19:02:2024 04:15 | AnonymousUser | URL=/about
19:02:2024 04:15 | AnonymousUser | URL=/static/css/about_us.css
19:02:2024 04:15 | AnonymousUser | URL=/api/auth/token/login
19:02:2024 04:15 | AnonymousUser | URL=/static/rest_framework/css/bootstrap-tweaks.css
19:02:2024 04:15 | AnonymousUser | URL=/static/rest_framework/css/prettify.css
19:02:2024 04:15 | AnonymousUser | URL=/static/rest_framework/js/jquery-3.5.1.min.js
19:02:2024 04:15 | AnonymousUser | URL=/static/rest_framework/css/bootstrap.min.css
19:02:2024 04:15 | AnonymousUser | URL=/static/rest_framework/css/default.css
19:02:2024 04:15 | AnonymousUser | URL=/static/rest_framework/js/ajax-form.js
19:02:2024 04:15 | AnonymousUser | URL=/static/rest_framework/js/csrf.js
19:02:2024 04:15 | AnonymousUser | URL=/static/rest_framework/js/bootstrap.min.js
19:02:2024 04:15 | AnonymousUser | URL=/static/rest_framework/js/prettify-min.js
19:02:2024 04:15 | AnonymousUser | URL=/static/rest_framework/js/default.js
19:02:2024 05:32 | AnonymousUser | URL=/
19:02:2024 05:32 | AnonymousUser | URL=/static/css/main.css
19:02:2024 05:32 | AnonymousUser | URL=/static/css/main.css
19:02:2024 05:32 | AnonymousUser | URL=/api/auth/token/login
19:02:2024 05:32 | AnonymousUser | URL=/static/rest_framework/css/bootstrap-tweaks.css
19:02:2024 05:32 | AnonymousUser | URL=/static/rest_framework/css/bootstrap.min.css
19:02:2024 05:32 | AnonymousUser | URL=/static/rest_framework/css/prettify.css
19:02:2024 05:32 | AnonymousUser | URL=/static/rest_framework/css/default.css
19:02:2024 05:32 | AnonymousUser | URL=/static/rest_framework/js/jquery-3.5.1.min.js
19:02:2024 05:32 | AnonymousUser | URL=/static/rest_framework/js/bootstrap.min.js
19:02:2024 05:32 | AnonymousUser | URL=/static/rest_framework/js/csrf.js
19:02:2024 05:32 | AnonymousUser | URL=/static/rest_framework/js/prettify-min.js
19:02:2024 05:32 | AnonymousUser | URL=/static/rest_framework/js/ajax-form.js
19:02:2024 05:32 | AnonymousUser | URL=/static/rest_framework/js/default.js
19:02:2024 05:32 | AnonymousUser | URL=/
19:02:2024 05:33 | AnonymousUser | URL=/register/
19:02:2024 05:33 | AnonymousUser | URL=/api/auth/token/login
19:02:2024 05:33 | AnonymousUser | URL=/static/rest_framework/css/bootstrap.min.css
19:02:2024 05:33 | AnonymousUser | URL=/static/rest_framework/css/bootstrap-tweaks.css
19:02:2024 05:33 | AnonymousUser | URL=/static/rest_framework/css/default.css
19:02:2024 05:33 | AnonymousUser | URL=/static/rest_framework/js/jquery-3.5.1.min.js
19:02:2024 05:33 | AnonymousUser | URL=/static/rest_framework/js/ajax-form.js
19:02:2024 05:33 | AnonymousUser | URL=/static/rest_framework/css/prettify.css
19:02:2024 05:33 | AnonymousUser | URL=/static/rest_framework/js/csrf.js
19:02:2024 05:33 | AnonymousUser | URL=/static/rest_framework/js/prettify-min.js
19:02:2024 05:33 | AnonymousUser | URL=/static/rest_framework/js/default.js
19:02:2024 05:33 | AnonymousUser | URL=/static/rest_framework/js/bootstrap.min.js
19:02:2024 05:35 | AnonymousUser | URL=/account/login
19:02:2024 05:35 | AnonymousUser | URL=/api/auth/token/login
19:02:2024 05:35 | AnonymousUser | URL=/static/rest_framework/css/bootstrap.min.css
19:02:2024 05:35 | AnonymousUser | URL=/static/rest_framework/js/jquery-3.5.1.min.js
19:02:2024 05:35 | AnonymousUser | URL=/static/rest_framework/css/default.css
19:02:2024 05:35 | AnonymousUser | URL=/static/rest_framework/css/bootstrap-twea19:02:2024 05:35 | AnonymousUser | URL=/static/rest_framework/js/ajax-form.js
19:02:2024 05:35 | AnonymousUser | URL=/static/rest_framework/js/default.js
19:02:2024 05:35 | AnonymousUser | URL=/static/rest_framework/js/prettify-min.js
19:02:2024 05:35 | AnonymousUser | URL=/static/rest_framework/js/bootstrap.min.js
19:02:2024 05:35 | AnonymousUser | URL=/static/rest_framework/js/csrf.js
19:02:2024 05:37 | AnonymousUser | URL=/
19:02:2024 05:37 | AnonymousUser | URL=/static/css/main.css
19:02:2024 05:37 | AnonymousUser | URL=/static/css/main.css
19:02:2024 05:37 | AnonymousUser | URL=/api/auth/token/login
19:02:2024 05:37 | AnonymousUser | URL=/static/rest_framework/css/bootstrap.min.css
19:02:2024 05:37 | AnonymousUser | URL=/static/rest_framework/css/prettify.css
19:02:2024 05:37 | AnonymousUser | URL=/static/rest_framework/css/bootstrap-tweaks.css
19:02:2024 05:37 | AnonymousUser | URL=/static/rest_framework/css/default.css
19:02:2024 05:37 | AnonymousUser | URL=/static/rest_framework/js/jquery-3.5.1.min.js
19:02:2024 05:37 | AnonymousUser | URL=/static/rest_framework/js/csrf.js
19:02:2024 05:37 | AnonymousUser | URL=/static/rest_framework/js/bootstrap.min.js
19:02:2024 05:37 | AnonymousUser | URL=/static/rest_framework/js/ajax-form.js
19:02:2024 05:37 | AnonymousUser | URL=/static/rest_framework/js/prettify-min.js
19:02:2024 05:37 | AnonymousUser | URL=/static/rest_framework/js/default.js
19:02:2024 05:37 | AnonymousUser | URL=/
19:02:2024 05:51 | AnonymousUser | URL=/
19:02:2024 05:51 | AnonymousUser | URL=/static/css/main.css
19:02:2024 05:51 | AnonymousUser | URL=/static/css/main.css
19:02:2024 05:51 | AnonymousUser | URL=/create
19:02:2024 05:51 | AnonymousUser | URL=/account/login?next=/create
19:02:2024 05:51 | AnonymousUser | URL=/
19:02:2024 05:51 | AnonymousUser | URL=/register/
19:02:2024 18:47 | AnonymousUser | URL=/
19:02:2024 18:47 | AnonymousUser | URL=/static/css/main.css
19:02:2024 18:47 | AnonymousUser | URL=/static/css/main.css
19:02:2024 18:47 | AnonymousUser | URL=/favicon.ico
19:02:2024 18:47 | AnonymousUser | URL=/api/auth/token/login
19:02:2024 18:47 | AnonymousUser | URL=/static/rest_framework/css/bootstrap.min.css
19:02:2024 18:47 | AnonymousUser | URL=/static/rest_framework/css/bootstrap-tweaks.css
19:02:2024 18:47 | AnonymousUser | URL=/static/rest_framework/css/prettify.css
19:02:2024 18:47 | AnonymousUser | URL=/static/rest_framework/css/default.css
19:02:2024 18:47 | AnonymousUser | URL=/static/rest_framework/js/bootstrap.min.js
19:02:2024 18:47 | AnonymousUser | URL=/static/rest_framework/js/csrf.js
19:02:2024 18:47 | AnonymousUser | URL=/static/rest_framework/js/jquery-3.5.1.min.js
19:02:2024 18:47 | AnonymousUser | URL=/static/rest_framework/js/prettify-min.js
19:02:2024 18:47 | AnonymousUser | URL=/static/rest_framework/js/default.js
19:02:2024 18:47 | AnonymousUser | URL=/
23:02:2024 22:41 | AnonymousUser | URL=/
23:02:2024 22:41 | AnonymousUser | URL=/static/css/main.css
23:02:2024 22:41 | AnonymousUser | URL=/static/css/main.css
23:02:2024 22:41 | AnonymousUser | URL=/favicon.ico
23:02:2024 22:42 | AnonymousUser | URL=/about
23:02:2024 22:42 | AnonymousUser | URL=/static/css/about_us.css
23:02:2024 22:42 | AnonymousUser | URL=/static/css/about_us.css
23:02:2024 22:42 | AnonymousUser | URL=/register/
23:02:2024 22:42 | AnonymousUser | URL=/api/auth/token/login
23:02:2024 22:42 | AnonymousUser | URL=/static/rest_framework/css/bootstrap-tweaks.css
23:02:2024 22:42 | AnonymousUser | URL=/static/rest_framework/css/bootstrap.min.css
23:02:2024 22:42 | AnonymousUser | URL=/static/rest_framework/css/prettify.css
23:02:2024 22:42 | AnonymousUser | URL=/static/rest_framework/css/default.css
23:02:2024 22:42 | AnonymousUser | URL=/static/rest_framework/js/jquery-3.5.1.min.js
23:02:2024 22:42 | AnonymousUser | URL=/static/rest_framework/js/prettify-min.js
23:02:2024 22:42 | AnonymousUser | URL=/static/rest_framework/js/csrf.js
23:02:2024 22:42 | AnonymousUser | URL=/static/rest_framework/js/ajax-form.js
23:02:2024 22:42 | AnonymousUser | URL=/static/rest_framework/js/bootstrap.min.js
23:02:2024 22:42 | AnonymousUser | URL=/static/rest_framework/js/default.js
23:02:2024 22:42 | AnonymousUser | URL=/
23:02:2024 22:42 | AnonymousUser | URL=/
23:02:2024 22:42 | AnonymousUser | URL=/static/css/main.css
23:02:2024 22:42 | AnonymousUser | URL=/post/57058846-375c-4076-9a8c-66794f1fa076
23:02:2024 22:42 | AnonymousUser | URL=/post/6f2f0e22-02ec-4328-b5c1-da07964f02aa
23:02:2024 22:42 | AnonymousUser | URL=/
23:02:2024 22:42 | AnonymousUser | URL=/
23:02:2024 22:42 | AnonymousUser | URL=/static/css/main.css
23:02:2024 22:42 | AnonymousUser | URL=/api/auth/token/login
23:02:2024 22:42 | AnonymousUser | URL=/static/rest_framework/css/prettify.css
23:02:2024 22:42 | AnonymousUser | URL=/static/rest_framework/css/bootstrap-tweaks.css
23:02:2024 22:42 | AnonymousUser | URL=/static/rest_framework/css/bootstrap.min.css
23:02:2024 22:42 | AnonymousUser | URL=/static/rest_framework/css/default.css
23:02:2024 22:42 | AnonymousUser | URL=/static/rest_framework/js/jquery-3.5.1.min.js
23:02:2024 22:42 | AnonymousUser | URL=/static/rest_framework/js/ajax-form.js
23:02:2024 22:42 | AnonymousUser | URL=/static/rest_framework/js/csrf.js
23:02:2024 22:42 | AnonymousUser | URL=/static/rest_framework/js/bootstrap.min.js
23:02:2024 22:42 | AnonymousUser | URL=/static/rest_framework/js/prettify-min.js
23:02:2024 22:42 | AnonymousUser | URL=/static/rest_framework/js/default.js
23:02:2024 22:42 | AnonymousUser | URL=/register/
23:02:2024 22:42 | AnonymousUser | URL=/create
23:02:2024 22:42 | AnonymousUser | URL=/account/login?next=/create
23:02:2024 22:42 | AnonymousUser | URL=/user/zoja2019/posts
23:02:2024 22:42 | AnonymousUser | URL=/user/zoja2019/posts
23:02:2024 22:44 | AnonymousUser | URL=/api/auth/token/login
23:02:2024 22:44 | AnonymousUser | URL=/static/rest_framework/css/bootstrap-tweaks.css
23:02:2024 22:44 | AnonymousUser | URL=/static/rest_framework/css/prettify.css
23:02:2024 22:44 | AnonymousUser | URL=/static/rest_framework/css/bootstrap.min.css
23:02:2024 22:44 | AnonymousUser | URL=/static/rest_framework/css/default.css
23:02:2024 22:44 | AnonymousUser | URL=/static/rest_framework/js/jquery-3.5.1.min.js
23:02:2024 22:44 | AnonymousUser | URL=/static/rest_framework/js/ajax-form.js
23:02:2024 22:44 | AnonymousUser | URL=/static/rest_framework/js/bootstrap23:02:2024 22:44 | AnonymousUser | URL=/static/rest_framework/js/default.js
23:02:2024 22:44 | AnonymousUser | URL=/static/rest_framework/js/prettify-min.js
23:02:2024 22:44 | AnonymousUser | URL=/
23:02:2024 22:44 | AnonymousUser | URL=/static/css/main.css
23:02:2024 22:44 | AnonymousUser | URL=/post/57058846-375c-4076-9a8c-66794f1fa076
23:02:2024 22:44 | AnonymousUser | URL=/post/91df8f35-8b9e-449c-9470-210aaf6bc55f
23:02:2024 22:44 | AnonymousUser | URL=/post/fbb3dafe-a873-4f9a-a6cf-cdc107067af7
23:02:2024 22:44 | AnonymousUser | URL=/
23:02:2024 22:44 | AnonymousUser | URL=/static/css/main.css
23:02:2024 22:44 | AnonymousUser | URL=/
23:02:2024 22:44 | AnonymousUser | URL=/static/css/main.css
23:02:2024 22:44 | AnonymousUser | URL=/about
23:02:2024 22:44 | AnonymousUser | URL=/static/css/about_us.css
23:02:2024 22:44 | AnonymousUser | URL=/
23:02:2024 22:44 | AnonymousUser | URL=/static/css/main.css
